<?xml version="1.0" encoding="UTF-8"?>
<!-- Generated by org.testng.reporters.JUnitXMLReporter -->
<testsuite ignored="1" hostname="5590cd17f1125ea" failures="0" tests="3" name="Default test" time="0.097" errors="0" timestamp="2024-07-31T14:02:07 IST">
  <testcase classname="com.demo.DemoTestNG3.demo2" name="ctest" time="0.008"/>
  <testcase classname="com.demo.DemoTestNG3.demo2" name="dtest" time="0.003"/>
  <testcase classname="com.demo.DemoTestNG3.demo2" name="atest" time="0.002"/>
  <testcase classname="com.demo.DemoTestNG3.demo2" name="btest" time="0.0">
    <ignored/>
  </testcase> <!-- btest -->
</testsuite> <!-- Default test -->
