<?xml version="1.0" encoding="UTF-8"?>
<!-- Generated by org.testng.reporters.JUnitXMLReporter -->
<testsuite ignored="3" hostname="5590cd17f1125ea" failures="0" tests="3" name="GRP-a" time="0.095" errors="0" timestamp="2024-07-31T12:59:54 IST">
  <testcase classname="com.demo.DemoTestNG3.Groups" name="a1test" time="0.01"/>
  <testcase classname="com.demo.DemoTestNG3.Groups" name="a2test" time="0.002"/>
  <testcase classname="com.demo.DemoTestNG3.Groups" name="a3test" time="0.004"/>
  <testcase classname="com.demo.DemoTestNG3.Groups" name="b2test" time="0.0">
    <ignored/>
  </testcase> <!-- b2test -->
  <testcase classname="com.demo.DemoTestNG3.Groups" name="b1test" time="0.0">
    <ignored/>
  </testcase> <!-- b1test -->
  <testcase classname="com.demo.DemoTestNG3.Groups" name="b3test" time="0.0">
    <ignored/>
  </testcase> <!-- b3test -->
</testsuite> <!-- GRP-a -->
